[debug] ----------------------------------------------------------------------
[debug] Command:      C:\Program Files\nodejs\node.exe C:\Users\leona\AppData\Roaming\npm\node_modules\firebase-tools\bin\firebase serve
[debug] CLI Version:  3.0.4
[debug] Platform:     win32
[debug] Node Version: v4.4.7
[debug] Time:         Sat Jul 16 2016 23:33:34 GMT+0530 (India Standard Time)
[debug] ----------------------------------------------------------------------
[debug] 
[info] Starting Firebase development server...
[info] 
[info] Project Directory: G:\Projects\WeatherApp
[debug] TypeError: Cannot read property 'public' of undefined
    at Server.<anonymous> (C:\Users\leona\AppData\Roaming\npm\node_modules\firebase-tools\commands\serve.js:24:15)
    at Server.g (events.js:260:16)
    at emitNone (events.js:67:13)
    at Server.emit (events.js:166:7)
    at emitListeningNT (net.js:1276:10)
    at nextTickCallbackWith1Arg (node.js:431:9)
    at process._tickCallback (node.js:353:17)
[error] 
[error] Error: An unexpected error has occurred.
